\BOOKMARK [1][-]{section.1}{\376\377\0002\0003\000.\000t\000e\000x\000\040\000-\000\040\000M\000a\000t\000h\000e\000m\000a\000t\000i\000c\000a\000l\000\040\000T\000e\000r\000m\000s\000\040\000a\000n\000d\000\040\000D\000e\000f\000i\000n\000i\000t\000i\000o\000n\000s}{}% 1
\BOOKMARK [2][-]{subsection.1.1}{\376\377\000T\000o\000p\000o\000l\000o\000g\000y}{section.1}% 2
\BOOKMARK [2][-]{subsection.1.2}{\376\377\000L\000i\000n\000e\000a\000r\000\040\000A\000l\000g\000e\000b\000r\000a}{section.1}% 3
\BOOKMARK [2][-]{subsection.1.3}{\376\377\000C\000a\000l\000c\000u\000l\000u\000s\000\040\000a\000n\000d\000\040\000O\000p\000t\000i\000m\000i\000z\000a\000t\000i\000o\000n}{section.1}% 4
\BOOKMARK [2][-]{subsection.1.4}{\376\377\000I\000n\000f\000o\000r\000m\000a\000t\000i\000o\000n\000\040\000T\000h\000e\000o\000r\000y}{section.1}% 5
\BOOKMARK [2][-]{subsection.1.5}{\376\377\000G\000r\000a\000p\000h\000\040\000T\000h\000e\000o\000r\000y}{section.1}% 6
\BOOKMARK [2][-]{subsection.1.6}{\376\377\000R\000e\000i\000n\000f\000o\000r\000c\000e\000m\000e\000n\000t\000\040\000L\000e\000a\000r\000n\000i\000n\000g}{section.1}% 7
\BOOKMARK [1][-]{section.2}{\376\377\000M\000a\000t\000h\000e\000m\000a\000t\000i\000c\000a\000l\000\040\000F\000o\000r\000m\000u\000l\000a\000s}{}% 8
\BOOKMARK [2][-]{subsection.2.1}{\376\377\000C\000h\000i\000r\000a\000l\000\040\000G\000r\000a\000d\000i\000e\000n\000t\000\040\000D\000e\000s\000c\000e\000n\000t\000\040\000\050\000C\000G\000D\000\051\000\040\000F\000o\000r\000m\000u\000l\000a\000s}{section.2}% 9
\BOOKMARK [1][-]{section.3}{\376\377\000C\000o\000n\000j\000e\000c\000t\000u\000r\000e\000s}{}% 10
\BOOKMARK [2][-]{subsection.3.1}{\376\377\000C\000h\000i\000r\000a\000l\000\040\000C\000o\000n\000v\000e\000r\000g\000e\000n\000c\000e\000\040\000C\000o\000n\000j\000e\000c\000t\000u\000r\000e}{section.3}% 11
\BOOKMARK [1][-]{section.4}{\376\377\0002\0004\000.\000t\000e\000x\000\040\000-\000\040\000M\000a\000t\000h\000e\000m\000a\000t\000i\000c\000a\000l\000\040\000T\000e\000r\000m\000s\000\040\000a\000n\000d\000\040\000D\000e\000f\000i\000n\000i\000t\000i\000o\000n\000s\000\040\000\050\000C\000o\000n\000t\000i\000n\000u\000e\000d\000\051}{}% 12
\BOOKMARK [2][-]{subsection.4.1}{\376\377\000B\000a\000y\000e\000s\000i\000a\000n\000\040\000I\000n\000f\000e\000r\000e\000n\000c\000e}{section.4}% 13
\BOOKMARK [2][-]{subsection.4.2}{\376\377\000F\000u\000z\000z\000y\000\040\000L\000o\000g\000i\000c}{section.4}% 14
\BOOKMARK [2][-]{subsection.4.3}{\376\377\000S\000p\000a\000t\000i\000o\000t\000e\000m\000p\000o\000r\000a\000l\000\040\000D\000i\000g\000e\000s\000t\000s}{section.4}% 15
\BOOKMARK [2][-]{subsection.4.4}{\376\377\000A\000d\000d\000i\000t\000i\000o\000n\000a\000l\000\040\000T\000e\000r\000m\000s}{section.4}% 16
\BOOKMARK [1][-]{section.5}{\376\377\000M\000a\000t\000h\000e\000m\000a\000t\000i\000c\000a\000l\000\040\000F\000o\000r\000m\000u\000l\000a\000s\000\040\000\050\000C\000o\000n\000t\000i\000n\000u\000e\000d\000\051}{}% 17
\BOOKMARK [2][-]{subsection.5.1}{\376\377\000A\000d\000d\000i\000t\000i\000o\000n\000a\000l\000\040\000F\000o\000r\000m\000u\000l\000a\000s}{section.5}% 18
\BOOKMARK [1][-]{section.6}{\376\377\000C\000o\000n\000j\000e\000c\000t\000u\000r\000e\000s\000\040\000\050\000C\000o\000n\000t\000i\000n\000u\000e\000d\000\051}{}% 19
\BOOKMARK [2][-]{subsection.6.1}{\376\377\000C\000h\000i\000r\000a\000l\000\040\000C\000o\000n\000v\000e\000r\000g\000e\000n\000c\000e\000\040\000C\000o\000n\000j\000e\000c\000t\000u\000r\000e\000\040\000\050\000r\000e\000f\000i\000n\000e\000d\000\051}{section.6}% 20
\BOOKMARK [1][-]{section.7}{\376\377\0002\0005\000.\000t\000e\000x\000\040\000-\000\040\000M\000a\000t\000h\000e\000m\000a\000t\000i\000c\000a\000l\000\040\000T\000e\000r\000m\000s\000\040\000a\000n\000d\000\040\000D\000e\000f\000i\000n\000i\000t\000i\000o\000n\000s\000\040\000\050\000C\000o\000n\000t\000i\000n\000u\000e\000d\000\051}{}% 21
\BOOKMARK [2][-]{subsection.7.1}{\376\377\000R\000e\000i\000n\000f\000o\000r\000c\000e\000m\000e\000n\000t\000\040\000L\000e\000a\000r\000n\000i\000n\000g\000\040\000\050\000C\000o\000n\000t\000i\000n\000u\000e\000d\000\051}{section.7}% 22
\BOOKMARK [2][-]{subsection.7.2}{\376\377\000L\000o\000c\000a\000l\000\040\000I\000n\000t\000e\000r\000p\000r\000e\000t\000a\000b\000l\000e\000\040\000M\000o\000d\000e\000l\000-\000a\000g\000n\000o\000s\000t\000i\000c\000\040\000E\000x\000p\000l\000a\000n\000a\000t\000i\000o\000n\000s\000\040\000\050\000L\000I\000M\000E\000\051}{section.7}% 23
\BOOKMARK [2][-]{subsection.7.3}{\376\377\000A\000d\000d\000i\000t\000i\000o\000n\000a\000l\000\040\000T\000e\000r\000m\000s}{section.7}% 24
\BOOKMARK [1][-]{section.8}{\376\377\000M\000a\000t\000h\000e\000m\000a\000t\000i\000c\000a\000l\000\040\000F\000o\000r\000m\000u\000l\000a\000s\000\040\000\050\000C\000o\000n\000t\000i\000n\000u\000e\000d\000\051}{}% 25
\BOOKMARK [2][-]{subsection.8.1}{\376\377\000A\000d\000d\000i\000t\000i\000o\000n\000a\000l\000\040\000F\000o\000r\000m\000u\000l\000a\000s}{section.8}% 26
\BOOKMARK [1][-]{section.9}{\376\377\0002\0006\000.\000m\000d\000\040\000-\000\040\000I\000n\000t\000r\000o\000s\000p\000e\000c\000t\000i\000o\000n\000\040\000P\000r\000o\000c\000e\000s\000s\000:\000\040\000F\000o\000r\000m\000a\000l\000i\000z\000i\000n\000g\000\040\000I\000m\000p\000l\000i\000c\000i\000t\000\040\000C\000o\000n\000j\000e\000c\000t\000u\000r\000e\000s}{}% 27
\BOOKMARK [2][-]{subsection.9.1}{\376\377\000B\000a\000y\000e\000s\000i\000a\000n\000\040\000N\000a\000r\000r\000a\000t\000i\000v\000e\000\040\000R\000e\000p\000r\000e\000s\000e\000n\000t\000a\000t\000i\000o\000n}{section.9}% 28
\BOOKMARK [2][-]{subsection.9.2}{\376\377\000S\000y\000n\000t\000h\000e\000s\000i\000s\000\040\000a\000s\000\040\000B\000a\000y\000e\000s\000i\000a\000n\000\040\000U\000p\000d\000a\000t\000i\000n\000g}{section.9}% 29
\BOOKMARK [2][-]{subsection.9.3}{\376\377\000C\000h\000i\000r\000a\000l\000i\000t\000y\000\040\000a\000n\000d\000\040\000O\000r\000t\000h\000o\000g\000o\000n\000a\000l\000i\000t\000y\000\040\000i\000n\000\040\000B\000a\000y\000e\000s\000i\000a\000n\000\040\000T\000e\000r\000m\000s}{section.9}% 30
\BOOKMARK [2][-]{subsection.9.4}{\376\377\000C\000o\000n\000j\000e\000c\000t\000u\000r\000e\000s}{section.9}% 31
\BOOKMARK [1][-]{section.10}{\376\377\0002\0006\000.\000t\000e\000x\000\040\000-\000\040\000B\000a\000y\000e\000s\000i\000a\000n\000\040\000N\000a\000r\000r\000a\000t\000i\000v\000e\000\040\000R\000e\000p\000r\000e\000s\000e\000n\000t\000a\000t\000i\000o\000n}{}% 32
\BOOKMARK [1][-]{section.11}{\376\377\000N\000a\000r\000r\000a\000t\000i\000v\000e\000\040\000S\000y\000n\000t\000h\000e\000s\000i\000s}{}% 33
\BOOKMARK [1][-]{section.12}{\376\377\000C\000h\000i\000r\000a\000l\000i\000t\000y\000\040\000a\000n\000d\000\040\000O\000r\000t\000h\000o\000g\000o\000n\000a\000l\000i\000t\000y}{}% 34
\BOOKMARK [1][-]{section.13}{\376\377\000C\000o\000n\000j\000e\000c\000t\000u\000r\000e\000s}{}% 35
\BOOKMARK [1][-]{section.14}{\376\377\0002\0007\000\040\000-\000\040\000C\000h\000i\000r\000a\000l\000\040\000N\000a\000r\000r\000a\000t\000i\000v\000e\000\040\000S\000y\000n\000t\000h\000e\000s\000i\000s\000:\000\040\000A\000\040\000M\000a\000t\000h\000e\000m\000a\000t\000i\000c\000a\000l\000\040\000F\000r\000a\000m\000e\000w\000o\000r\000k}{}% 36
\BOOKMARK [1][-]{section.15}{\376\377\000M\000a\000t\000h\000e\000m\000a\000t\000i\000c\000a\000l\000\040\000T\000e\000r\000m\000s\000\040\000a\000n\000d\000\040\000D\000e\000f\000i\000n\000i\000t\000i\000o\000n\000s}{}% 37
\BOOKMARK [2][-]{subsection.15.1}{\376\377\000N\000a\000r\000r\000a\000t\000i\000v\000e\000s\000\040\000a\000n\000d\000\040\000T\000r\000u\000t\000h}{section.15}% 38
\BOOKMARK [2][-]{subsection.15.2}{\376\377\000R\000e\000l\000a\000t\000i\000o\000n\000s\000h\000i\000p\000s\000\040\000b\000e\000t\000w\000e\000e\000n\000\040\000N\000a\000r\000r\000a\000t\000i\000v\000e\000s}{section.15}% 39
\BOOKMARK [2][-]{subsection.15.3}{\376\377\000S\000p\000i\000r\000a\000l\000\040\000D\000e\000s\000c\000e\000n\000t\000\040\000a\000n\000d\000\040\000R\000e\000f\000i\000n\000e\000m\000e\000n\000t}{section.15}% 40
\BOOKMARK [2][-]{subsection.15.4}{\376\377\000S\000p\000a\000t\000i\000o\000t\000e\000m\000p\000o\000r\000a\000l\000\040\000D\000i\000g\000e\000s\000t\000s}{section.15}% 41
\BOOKMARK [2][-]{subsection.15.5}{\376\377\000O\000t\000h\000e\000r\000\040\000R\000e\000l\000e\000v\000a\000n\000t\000\040\000C\000o\000n\000c\000e\000p\000t\000s}{section.15}% 42
\BOOKMARK [1][-]{section.16}{\376\377\000M\000a\000t\000h\000e\000m\000a\000t\000i\000c\000a\000l\000\040\000F\000o\000r\000m\000u\000l\000a\000s\000\040\000a\000n\000d\000\040\000A\000l\000g\000o\000r\000i\000t\000h\000m\000s}{}% 43
\BOOKMARK [2][-]{subsection.16.1}{\376\377\000C\000o\000r\000e\000\040\000C\000N\000S\000\040\000F\000o\000r\000m\000u\000l\000a\000s}{section.16}% 44
\BOOKMARK [2][-]{subsection.16.2}{\376\377\000C\000h\000i\000r\000a\000l\000\040\000P\000a\000i\000r\000\040\000I\000d\000e\000n\000t\000i\000f\000i\000c\000a\000t\000i\000o\000n\000\040\000A\000l\000g\000o\000r\000i\000t\000h\000m\000\040\000\050\000I\000l\000l\000u\000s\000t\000r\000a\000t\000i\000v\000e\000\051}{section.16}% 45
\BOOKMARK [1][-]{section.17}{\376\377\000C\000o\000r\000e\000\040\000C\000o\000n\000j\000e\000c\000t\000u\000r\000e\000s}{}% 46
\BOOKMARK [1][-]{section.18}{\376\377\0002\0008\000.\000t\000e\000x\000\040\000-\000\040\000A\000l\000g\000o\000r\000i\000t\000h\000m\000s}{}% 47
\BOOKMARK [1][-]{section.19}{\376\377\000C\000h\000i\000r\000a\000l\000\040\000P\000a\000i\000r\000\040\000I\000d\000e\000n\000t\000i\000f\000i\000c\000a\000t\000i\000o\000n\000\040\000A\000l\000g\000o\000r\000i\000t\000h\000m\000s}{}% 48
\BOOKMARK [2][-]{subsection.19.1}{\376\377\000B\000a\000s\000i\000c\000\040\000C\000h\000i\000r\000a\000l\000\040\000P\000a\000i\000r\000\040\000I\000d\000e\000n\000t\000i\000f\000i\000c\000a\000t\000i\000o\000n\000\040\000\050\000u\000s\000i\000n\000g\000\040\000c\000o\000s\000i\000n\000e\000\040\000s\000i\000m\000i\000l\000a\000r\000i\000t\000y\000\051}{section.19}% 49
\BOOKMARK [2][-]{subsection.19.2}{\376\377\000C\000h\000i\000r\000a\000l\000\040\000P\000a\000i\000r\000\040\000I\000d\000e\000n\000t\000i\000f\000i\000c\000a\000t\000i\000o\000n\000\040\000w\000i\000t\000h\000\040\000C\000o\000n\000t\000e\000x\000t\000\040\000a\000n\000d\000\040\000C\000o\000n\000f\000i\000d\000e\000n\000c\000e}{section.19}% 50
\BOOKMARK [2][-]{subsection.19.3}{\376\377\000H\000i\000e\000r\000a\000r\000c\000h\000i\000c\000a\000l\000\040\000C\000h\000i\000r\000a\000l\000\040\000P\000a\000i\000r\000\040\000I\000d\000e\000n\000t\000i\000f\000i\000c\000a\000t\000i\000o\000n}{section.19}% 51
\BOOKMARK [2][-]{subsection.19.4}{\376\377\000M\000u\000l\000t\000i\000-\000A\000g\000e\000n\000t\000\040\000C\000h\000i\000r\000a\000l\000\040\000P\000a\000i\000r\000\040\000I\000d\000e\000n\000t\000i\000f\000i\000c\000a\000t\000i\000o\000n}{section.19}% 52
\BOOKMARK [2][-]{subsection.19.5}{\376\377\000C\000h\000i\000r\000a\000l\000\040\000P\000a\000i\000r\000\040\000I\000d\000e\000n\000t\000i\000f\000i\000c\000a\000t\000i\000o\000n\000\040\000w\000i\000t\000h\000\040\000L\000I\000M\000E}{section.19}% 53
\BOOKMARK [2][-]{subsection.19.6}{\376\377\000C\000h\000i\000r\000a\000l\000\040\000P\000a\000i\000r\000\040\000I\000d\000e\000n\000t\000i\000f\000i\000c\000a\000t\000i\000o\000n\000\040\000w\000i\000t\000h\000\040\000S\000p\000i\000r\000a\000l\000\040\000D\000e\000s\000c\000e\000n\000t\000\040\000F\000e\000e\000d\000b\000a\000c\000k}{section.19}% 54
